
> @subway/admin@0.1.0 build /Users/khalidgehlan/subway_enterprise-1/apps/admin
> next build

  [1m[38;2;173;127;168m▲ Next.js 14.2.5[39m[22m
  - Environments: .env.local

 [37m[1m [22m[39m Creating an optimized production build ...
 [32m[1m✓[22m[39m Compiled successfully
[?25l [37m[1m [22m[39m Linting and checking validity of types  [36m.[39m[2K[1G [37m[1m [22m[39m Linting and checking validity of types  [36m..[39m[2K[1G [37m[1m [22m[39m Linting and checking validity of types  [36m...[39m[2K[1G [37m[1m [22m[39m Linting and checking validity of types  [36m.[39m[2K[1G [37m[1m [22m[39m Linting and checking validity of types  [36m..[39m[2K[1G [37m[1m [22m[39m Linting and checking validity of types  [36m...[39m[2K[1G[?25h
[36m./app/components/DesignGuardExample.tsx[39m
[33m36[39m:[33m11[39m  [33m[1mWarning[22m[39m: Button elements must include "s-btn" class. Add className="s-btn s-btn--md"  [90m[1msubway/design-consistency[22m[39m
[33m39[39m:[33m11[39m  [33m[1mWarning[22m[39m: Input elements must include "s-input" class. Add className="s-input"  [90m[1msubway/design-consistency[22m[39m
[33m40[39m:[33m11[39m  [33m[1mWarning[22m[39m: Select elements must include "s-select" class. Add className="s-select"  [90m[1msubway/design-consistency[22m[39m
[33m48[39m:[33m11[39m  [33m[1mWarning[22m[39m: Button elements must include "s-btn" class. Add className="s-btn s-btn--md"  [90m[1msubway/design-consistency[22m[39m
[33m51[39m:[33m11[39m  [33m[1mWarning[22m[39m: Input elements must include "s-input" class. Add className="s-input"  [90m[1msubway/design-consistency[22m[39m
[33m60[39m:[33m11[39m  [33m[1mWarning[22m[39m: Button elements must include "s-btn" class. Add className="s-btn s-btn--md"  [90m[1msubway/design-consistency[22m[39m

[36m./app/components/FilterBar.tsx[39m
[33m12[39m:[33m92[39m  [33m[1mWarning[22m[39m: React Hook useEffect has a missing dependency: 'onChange'. Either include it or remove the dependency array. If 'onChange' changes too often, find the parent component that defines it and wrap that definition in useCallback.  [90m[1mreact-hooks/exhaustive-deps[22m[39m

[36m./app/components/Toast.tsx[39m
[33m64[39m:[33m7[39m  [33m[1mWarning[22m[39m: Button elements must include "s-btn" class. Add className="s-btn s-btn--md"  [90m[1msubway/design-consistency[22m[39m

[36m./app/login/page.tsx[39m
[33m29[39m:[33m11[39m  [33m[1mWarning[22m[39m: Input elements must include "s-input" class. Add className="s-input"  [90m[1msubway/design-consistency[22m[39m
[33m40[39m:[33m11[39m  [33m[1mWarning[22m[39m: Input elements must include "s-input" class. Add className="s-input"  [90m[1msubway/design-consistency[22m[39m

[36m./app/menu/components/ItemDrawer.tsx[39m
[33m15[39m:[33m9[39m  [33m[1mWarning[22m[39m: Button elements must include "s-btn" class. Add className="s-btn s-btn--md"  [90m[1msubway/design-consistency[22m[39m

[36m./app/menu/components/MenuTable.tsx[39m
[33m112[39m:[33m19[39m  [33m[1mWarning[22m[39m: Button elements must include "s-btn" class. Add className="s-btn s-btn--md"  [90m[1msubway/design-consistency[22m[39m
[33m120[39m:[33m19[39m  [33m[1mWarning[22m[39m: Button elements must include "s-btn" class. Add className="s-btn s-btn--md"  [90m[1msubway/design-consistency[22m[39m

[36m./app/menu/items/page.tsx[39m
[33m290[39m:[33m15[39m  [33m[1mWarning[22m[39m: Button elements must include "s-btn" class. Add className="s-btn s-btn--md"  [90m[1msubway/design-consistency[22m[39m
[33m310[39m:[33m15[39m  [33m[1mWarning[22m[39m: Button elements must include "s-btn" class. Add className="s-btn s-btn--md"  [90m[1msubway/design-consistency[22m[39m
[33m497[39m:[33m11[39m  [33m[1mWarning[22m[39m: Button elements must include "s-btn" class. Add className="s-btn s-btn--md"  [90m[1msubway/design-consistency[22m[39m
[33m615[39m:[33m13[39m  [33m[1mWarning[22m[39m: Button elements must include "s-btn" class. Add className="s-btn s-btn--md"  [90m[1msubway/design-consistency[22m[39m
[33m618[39m:[33m13[39m  [33m[1mWarning[22m[39m: Button elements must include "s-btn" class. Add className="s-btn s-btn--md"  [90m[1msubway/design-consistency[22m[39m
[33m753[39m:[33m11[39m  [33m[1mWarning[22m[39m: Button elements must include "s-btn" class. Add className="s-btn s-btn--md"  [90m[1msubway/design-consistency[22m[39m
[33m876[39m:[33m13[39m  [33m[1mWarning[22m[39m: Button elements must include "s-btn" class. Add className="s-btn s-btn--md"  [90m[1msubway/design-consistency[22m[39m

[36m./app/menu/modifiers/page.tsx[39m
[33m456[39m:[33m11[39m  [33m[1mWarning[22m[39m: Button elements must include "s-btn" class. Add className="s-btn s-btn--md"  [90m[1msubway/design-consistency[22m[39m
[33m560[39m:[33m13[39m  [33m[1mWarning[22m[39m: Button elements must include "s-btn" class. Add className="s-btn s-btn--md"  [90m[1msubway/design-consistency[22m[39m
[33m642[39m:[33m11[39m  [33m[1mWarning[22m[39m: Button elements must include "s-btn" class. Add className="s-btn s-btn--md"  [90m[1msubway/design-consistency[22m[39m
[33m748[39m:[33m13[39m  [33m[1mWarning[22m[39m: Button elements must include "s-btn" class. Add className="s-btn s-btn--md"  [90m[1msubway/design-consistency[22m[39m
[33m818[39m:[33m11[39m  [33m[1mWarning[22m[39m: Button elements must include "s-btn" class. Add className="s-btn s-btn--md"  [90m[1msubway/design-consistency[22m[39m
[33m894[39m:[33m13[39m  [33m[1mWarning[22m[39m: Button elements must include "s-btn" class. Add className="s-btn s-btn--md"  [90m[1msubway/design-consistency[22m[39m
[33m1001[39m:[33m13[39m  [33m[1mWarning[22m[39m: Button elements must include "s-btn" class. Add className="s-btn s-btn--md"  [90m[1msubway/design-consistency[22m[39m
[33m1088[39m:[33m13[39m  [33m[1mWarning[22m[39m: Button elements must include "s-btn" class. Add className="s-btn s-btn--md"  [90m[1msubway/design-consistency[22m[39m
[33m1157[39m:[33m11[39m  [33m[1mWarning[22m[39m: Button elements must include "s-btn" class. Add className="s-btn s-btn--md"  [90m[1msubway/design-consistency[22m[39m
[33m1226[39m:[33m13[39m  [33m[1mWarning[22m[39m: Button elements must include "s-btn" class. Add className="s-btn s-btn--md"  [90m[1msubway/design-consistency[22m[39m

[36m./app/menu/page.tsx[39m
[33m371[39m:[33m11[39m  [33m[1mWarning[22m[39m: Button elements must include "s-btn" class. Add className="s-btn s-btn--md"  [90m[1msubway/design-consistency[22m[39m
[33m484[39m:[33m13[39m  [33m[1mWarning[22m[39m: Button elements must include "s-btn" class. Add className="s-btn s-btn--md"  [90m[1msubway/design-consistency[22m[39m
[33m572[39m:[33m11[39m  [33m[1mWarning[22m[39m: Button elements must include "s-btn" class. Add className="s-btn s-btn--md"  [90m[1msubway/design-consistency[22m[39m
[33m684[39m:[33m13[39m  [33m[1mWarning[22m[39m: Button elements must include "s-btn" class. Add className="s-btn s-btn--md"  [90m[1msubway/design-consistency[22m[39m

[36m./app/menu/pricing/page.tsx[39m
[33m305[39m:[33m15[39m  [33m[1mWarning[22m[39m: Button elements must include "s-btn" class. Add className="s-btn s-btn--md"  [90m[1msubway/design-consistency[22m[39m
[33m325[39m:[33m15[39m  [33m[1mWarning[22m[39m: Button elements must include "s-btn" class. Add className="s-btn s-btn--md"  [90m[1msubway/design-consistency[22m[39m
[33m421[39m:[33m19[39m  [33m[1mWarning[22m[39m: Button elements must include "s-btn" class. Add className="s-btn s-btn--md"  [90m[1msubway/design-consistency[22m[39m
[33m447[39m:[33m19[39m  [33m[1mWarning[22m[39m: Button elements must include "s-btn" class. Add className="s-btn s-btn--md"  [90m[1msubway/design-consistency[22m[39m
[33m457[39m:[33m21[39m  [33m[1mWarning[22m[39m: Button elements must include "s-btn" class. Add className="s-btn s-btn--md"  [90m[1msubway/design-consistency[22m[39m
[33m557[39m:[33m11[39m  [33m[1mWarning[22m[39m: Button elements must include "s-btn" class. Add className="s-btn s-btn--md"  [90m[1msubway/design-consistency[22m[39m
[33m663[39m:[33m13[39m  [33m[1mWarning[22m[39m: Button elements must include "s-btn" class. Add className="s-btn s-btn--md"  [90m[1msubway/design-consistency[22m[39m
[33m695[39m:[33m11[39m  [33m[1mWarning[22m[39m: Button elements must include "s-btn" class. Add className="s-btn s-btn--md"  [90m[1msubway/design-consistency[22m[39m

[36m./app/orders/page.tsx[39m
[33m183[39m:[33m6[39m  [33m[1mWarning[22m[39m: React Hook useEffect has a missing dependency: 'fetchOrders'. Either include it or remove the dependency array.  [90m[1mreact-hooks/exhaustive-deps[22m[39m
[33m196[39m:[33m6[39m  [33m[1mWarning[22m[39m: React Hook useEffect has missing dependencies: 'currentPage' and 'fetchOrders'. Either include them or remove the dependency array.  [90m[1mreact-hooks/exhaustive-deps[22m[39m
[33m356[39m:[33m25[39m  [33m[1mWarning[22m[39m: Button elements must include "s-btn" class. Add className="s-btn s-btn--md"  [90m[1msubway/design-consistency[22m[39m
[33m394[39m:[33m27[39m  [33m[1mWarning[22m[39m: Button elements must include "s-btn" class. Add className="s-btn s-btn--md"  [90m[1msubway/design-consistency[22m[39m
[33m415[39m:[33m17[39m  [33m[1mWarning[22m[39m: Button elements must include "s-btn" class. Add className="s-btn s-btn--md"  [90m[1msubway/design-consistency[22m[39m
[33m448[39m:[33m17[39m  [33m[1mWarning[22m[39m: Button elements must include "s-btn" class. Add className="s-btn s-btn--md"  [90m[1msubway/design-consistency[22m[39m
[33m498[39m:[33m11[39m  [33m[1mWarning[22m[39m: Button elements must include "s-btn" class. Add className="s-btn s-btn--md"  [90m[1msubway/design-consistency[22m[39m

[36m./app/settings/audit/page.tsx[39m
[33m52[39m:[33m6[39m  [33m[1mWarning[22m[39m: React Hook useEffect has a missing dependency: 'loadAuditEntries'. Either include it or remove the dependency array.  [90m[1mreact-hooks/exhaustive-deps[22m[39m

[36m./app/settings/flags/page.tsx[39m
[33m68[39m:[33m6[39m  [33m[1mWarning[22m[39m: React Hook useEffect has a missing dependency: 'loadFeatureFlags'. Either include it or remove the dependency array.  [90m[1mreact-hooks/exhaustive-deps[22m[39m
[33m245[39m:[33m15[39m  [33m[1mWarning[22m[39m: Button elements must include "s-btn" class. Add className="s-btn s-btn--md"  [90m[1msubway/design-consistency[22m[39m

[36m./app/settings/users/page.tsx[39m
[33m53[39m:[33m6[39m  [33m[1mWarning[22m[39m: React Hook useEffect has a missing dependency: 'loadUsers'. Either include it or remove the dependency array.  [90m[1mreact-hooks/exhaustive-deps[22m[39m
[33m186[39m:[33m13[39m  [33m[1mWarning[22m[39m: Button elements must include "s-btn" class. Add className="s-btn s-btn--md"  [90m[1msubway/design-consistency[22m[39m

[36m./app/stores/[id]/page.tsx[39m
[33m220[39m:[33m15[39m  [33m[1mWarning[22m[39m: Button elements must include "s-btn" class. Add className="s-btn s-btn--md"  [90m[1msubway/design-consistency[22m[39m
[33m335[39m:[33m19[39m  [33m[1mWarning[22m[39m: Button elements must include "s-btn" class. Add className="s-btn s-btn--md"  [90m[1msubway/design-consistency[22m[39m
[33m505[39m:[33m19[39m  [33m[1mWarning[22m[39m: Input elements must include "s-input" class. Add className="s-input"  [90m[1msubway/design-consistency[22m[39m
[33m539[39m:[33m23[39m  [33m[1mWarning[22m[39m: Button elements must include "s-btn" class. Add className="s-btn s-btn--md"  [90m[1msubway/design-consistency[22m[39m
[33m548[39m:[33m23[39m  [33m[1mWarning[22m[39m: Button elements must include "s-btn" class. Add className="s-btn s-btn--md"  [90m[1msubway/design-consistency[22m[39m
[33m560[39m:[33m23[39m  [33m[1mWarning[22m[39m: Button elements must include "s-btn" class. Add className="s-btn s-btn--md"  [90m[1msubway/design-consistency[22m[39m
[33m569[39m:[33m23[39m  [33m[1mWarning[22m[39m: Button elements must include "s-btn" class. Add className="s-btn s-btn--md"  [90m[1msubway/design-consistency[22m[39m

[36m./app/stores/page.tsx[39m
[33m249[39m:[33m25[39m  [33m[1mWarning[22m[39m: Button elements must include "s-btn" class. Add className="s-btn s-btn--md"  [90m[1msubway/design-consistency[22m[39m
[33m270[39m:[33m27[39m  [33m[1mWarning[22m[39m: Button elements must include "s-btn" class. Add className="s-btn s-btn--md"  [90m[1msubway/design-consistency[22m[39m
[33m280[39m:[33m27[39m  [33m[1mWarning[22m[39m: Button elements must include "s-btn" class. Add className="s-btn s-btn--md"  [90m[1msubway/design-consistency[22m[39m
[33m290[39m:[33m27[39m  [33m[1mWarning[22m[39m: Button elements must include "s-btn" class. Add className="s-btn s-btn--md"  [90m[1msubway/design-consistency[22m[39m
[33m311[39m:[33m17[39m  [33m[1mWarning[22m[39m: Button elements must include "s-btn" class. Add className="s-btn s-btn--md"  [90m[1msubway/design-consistency[22m[39m
[33m344[39m:[33m17[39m  [33m[1mWarning[22m[39m: Button elements must include "s-btn" class. Add className="s-btn s-btn--md"  [90m[1msubway/design-consistency[22m[39m
[33m410[39m:[33m11[39m  [33m[1mWarning[22m[39m: Button elements must include "s-btn" class. Add className="s-btn s-btn--md"  [90m[1msubway/design-consistency[22m[39m
[33m527[39m:[33m11[39m  [33m[1mWarning[22m[39m: Button elements must include "s-btn" class. Add className="s-btn s-btn--md"  [90m[1msubway/design-consistency[22m[39m

[36m./app/test-validation/page.tsx[39m
[33m35[39m:[33m9[39m  [33m[1mWarning[22m[39m: Button elements must include "s-btn" class. Add className="s-btn s-btn--md"  [90m[1msubway/design-consistency[22m[39m

[36m./lib/hooks/useEnhancedMenuItemForm.ts[39m
[33m51[39m:[33m29[39m  [33m[1mWarning[22m[39m: React Hook useCallback received a function whose dependencies are unknown. Pass an inline function instead.  [90m[1mreact-hooks/exhaustive-deps[22m[39m

[36minfo[39m  - Need to disable some ESLint rules? Learn more here: https://nextjs.org/docs/basic-features/eslint#disabling-rules
[?25l [37m[1m [22m[39m Linting and checking validity of types  [36m.[39m[2K[1G [37m[1m [22m[39m Linting and checking validity of types  [36m..[39m[2K[1G [37m[1m [22m[39m Linting and checking validity of types  [36m...[39m[31mFailed to compile.
[39m
[36m./app/settings/audit/page.tsx[39m:[33m43[39m:[33m17[39m
[31m[1mType error[22m[39m: Argument of type '"Failed to load audit entries"' is not assignable to parameter of type 'ToastType'.

[0m [90m 41 |[39m       setTotal(response[33m.[39mtotal)[33m;[39m[0m
[0m [90m 42 |[39m     } [36mcatch[39m (error) {[0m
[0m[31m[1m>[22m[39m[90m 43 |[39m       showToast([32m'Failed to load audit entries'[39m[33m,[39m [32m'error'[39m)[33m;[39m[0m
[0m [90m    |[39m                 [31m[1m^[22m[39m[0m
[0m [90m 44 |[39m       console[33m.[39merror([32m'Error loading audit entries:'[39m[33m,[39m error)[33m;[39m[0m
[0m [90m 45 |[39m     } [36mfinally[39m {[0m
[0m [90m 46 |[39m       setLoading([36mfalse[39m)[33m;[39m[0m
[?25h[41m[30m ELIFECYCLE [39m[49m [31mCommand failed with exit code 1.[39m
