
> @subway/bff@0.1.0 lint /Users/khalidgehlan/subway_enterprise-1/apps/bff
> eslint . --ext .ts --max-warnings=0

[0m[0m
[0m[4m/Users/khalidgehlan/subway_enterprise-1/apps/bff/src/routes/kpis.ts[24m[0m
[0m  [2m10:41[22m  [31merror[39m  Unexpected any. Specify a different type  [2m@typescript-eslint/no-explicit-any[22m[0m
[0m  [2m12:44[22m  [31merror[39m  Unexpected any. Specify a different type  [2m@typescript-eslint/no-explicit-any[22m[0m
[0m  [2m14:23[22m  [31merror[39m  Unexpected any. Specify a different type  [2m@typescript-eslint/no-explicit-any[22m[0m
[0m  [2m19:22[22m  [31merror[39m  Unexpected any. Specify a different type  [2m@typescript-eslint/no-explicit-any[22m[0m
[0m  [2m28:78[22m  [31merror[39m  Unexpected any. Specify a different type  [2m@typescript-eslint/no-explicit-any[22m[0m
[0m[0m
[0m[4m/Users/khalidgehlan/subway_enterprise-1/apps/bff/src/routes/menu.ts[24m[0m
[0m  [2m13:61[22m  [31merror[39m  Unexpected any. Specify a different type  [2m@typescript-eslint/no-explicit-any[22m[0m
[0m  [2m15:23[22m  [31merror[39m  Unexpected any. Specify a different type  [2m@typescript-eslint/no-explicit-any[22m[0m
[0m[0m
[0m[4m/Users/khalidgehlan/subway_enterprise-1/apps/bff/src/routes/metrics.ts[24m[0m
[0m  [2m29:42[22m  [31merror[39m  Unexpected any. Specify a different type  [2m@typescript-eslint/no-explicit-any[22m[0m
[0m  [2m31:22[22m  [31merror[39m  Unexpected any. Specify a different type  [2m@typescript-eslint/no-explicit-any[22m[0m
[0m  [2m38:18[22m  [31merror[39m  Unexpected any. Specify a different type  [2m@typescript-eslint/no-explicit-any[22m[0m
[0m[0m
[0m[4m/Users/khalidgehlan/subway_enterprise-1/apps/bff/src/routes/orders.ts[24m[0m
[0m  [2m10:43[22m  [31merror[39m  Unexpected any. Specify a different type  [2m@typescript-eslint/no-explicit-any[22m[0m
[0m  [2m11:43[22m  [31merror[39m  Unexpected any. Specify a different type  [2m@typescript-eslint/no-explicit-any[22m[0m
[0m  [2m12:18[22m  [31merror[39m  Unexpected any. Specify a different type  [2m@typescript-eslint/no-explicit-any[22m[0m
[0m[0m
[0m[4m/Users/khalidgehlan/subway_enterprise-1/apps/bff/src/routes/stores.ts[24m[0m
[0m  [2m11:41[22m  [31merror[39m  Unexpected any. Specify a different type  [2m@typescript-eslint/no-explicit-any[22m[0m
[0m  [2m13:23[22m  [31merror[39m  Unexpected any. Specify a different type  [2m@typescript-eslint/no-explicit-any[22m[0m
[0m[0m
[0m[4m/Users/khalidgehlan/subway_enterprise-1/apps/bff/src/types/api-response.ts[24m[0m
[0m  [2m1:34[22m  [31merror[39m  Unexpected any. Specify a different type  [2m@typescript-eslint/no-explicit-any[22m[0m
[0m[0m
[0m[4m/Users/khalidgehlan/subway_enterprise-1/apps/bff/src/util/scope.ts[24m[0m
[0m   [2m3:46[22m  [31merror[39m  Unexpected any. Specify a different type  [2m@typescript-eslint/no-explicit-any[22m[0m
[0m  [2m14:59[22m  [31merror[39m  Unexpected any. Specify a different type  [2m@typescript-eslint/no-explicit-any[22m[0m
[0m  [2m16:18[22m  [31merror[39m  Unexpected any. Specify a different type  [2m@typescript-eslint/no-explicit-any[22m[0m
[0m  [2m19:25[22m  [31merror[39m  Unexpected any. Specify a different type  [2m@typescript-eslint/no-explicit-any[22m[0m
[0m  [2m21:16[22m  [31merror[39m  Unexpected any. Specify a different type  [2m@typescript-eslint/no-explicit-any[22m[0m
[0m[0m
[0m[4m/Users/khalidgehlan/subway_enterprise-1/apps/bff/test/integration/telemetry.integration.test.ts[24m[0m
[0m  [2m159:13[22m  [31merror[39m  'response' is assigned a value but never used  [2m@typescript-eslint/no-unused-vars[22m[0m
[0m[0m
[0m[31m[1m✖ 22 problems (22 errors, 0 warnings)[22m[39m[0m
[0m[31m[1m[22m[39m[0m
[41m[30m ELIFECYCLE [39m[49m [31mCommand failed with exit code 1.[39m
