{"timestamp":"2025-11-03T17:52:55.843Z","tokens":35417,"cost":0.008075075999999999,"context":"expansion-strategy","environment":"development"}
{"timestamp":"2025-11-03T17:53:02.990Z","tokens":845,"cost":0.00019266,"context":"context-analysis-demographicAnalysis","environment":"development","jobId":"51.7606-14.334"}
{"timestamp":"2025-11-03T17:53:09.822Z","tokens":1003,"cost":0.00022868400000000002,"context":"rationale-diversification","environment":"development"}
{"timestamp":"2025-11-03T17:53:25.355Z","tokens":865,"cost":0.00019722,"context":"placement-intelligence","environment":"development"}
{"timestamp":"2025-11-03T17:53:33.918Z","tokens":808,"cost":0.00018422399999999998,"context":"placement-intelligence","environment":"development"}
{"timestamp":"2025-11-03T17:53:41.985Z","tokens":863,"cost":0.000196764,"context":"placement-intelligence","environment":"development"}
{"timestamp":"2025-11-03T17:54:11.027Z","tokens":971,"cost":0.000221388,"context":"placement-intelligence","environment":"development"}
{"timestamp":"2025-11-03T17:54:15.391Z","tokens":609,"cost":0.000138852,"context":"placement-intelligence","environment":"development"}
{"timestamp":"2025-11-03T17:54:23.712Z","tokens":817,"cost":0.00018627599999999998,"context":"context-analysis-demographicAnalysis","environment":"development","jobId":"52.1533-10.4017"}
{"timestamp":"2025-11-03T17:54:28.946Z","tokens":955,"cost":0.00021774,"context":"rationale-diversification","environment":"development"}
{"timestamp":"2025-11-03T17:54:35.817Z","tokens":876,"cost":0.00019972799999999998,"context":"placement-intelligence","environment":"development"}
{"timestamp":"2025-11-03T17:54:49.065Z","tokens":758,"cost":0.000172824,"context":"placement-intelligence","environment":"development"}
{"timestamp":"2025-11-03T17:54:57.619Z","tokens":793,"cost":0.00018080399999999999,"context":"placement-intelligence","environment":"development"}
{"timestamp":"2025-11-03T17:55:05.092Z","tokens":808,"cost":0.00018422399999999998,"context":"placement-intelligence","environment":"development"}
{"timestamp":"2025-11-03T17:55:11.541Z","tokens":629,"cost":0.00014341199999999996,"context":"placement-intelligence","environment":"development"}
{"timestamp":"2025-11-03T17:55:16.230Z","tokens":745,"cost":0.00016986,"context":"context-analysis-demographicAnalysis","environment":"development","jobId":"51.6806-7.8142"}
{"timestamp":"2025-11-03T17:55:21.887Z","tokens":1008,"cost":0.00022982399999999997,"context":"rationale-diversification","environment":"development"}
{"timestamp":"2025-11-03T17:55:31.917Z","tokens":808,"cost":0.00018422399999999998,"context":"placement-intelligence","environment":"development"}
{"timestamp":"2025-11-03T17:55:38.575Z","tokens":754,"cost":0.000171912,"context":"placement-intelligence","environment":"development"}
{"timestamp":"2025-11-03T17:55:48.047Z","tokens":831,"cost":0.00018946799999999998,"context":"placement-intelligence","environment":"development"}
{"timestamp":"2025-11-03T17:55:56.093Z","tokens":914,"cost":0.00020839199999999995,"context":"placement-intelligence","environment":"development"}
{"timestamp":"2025-11-03T17:56:03.870Z","tokens":656,"cost":0.000149568,"context":"placement-intelligence","environment":"development"}
{"timestamp":"2025-11-03T17:56:12.316Z","tokens":764,"cost":0.000174192,"context":"context-analysis-demographicAnalysis","environment":"development","jobId":"51.2197-7.6336"}
{"timestamp":"2025-11-03T17:56:18.207Z","tokens":1026,"cost":0.000233928,"context":"rationale-diversification","environment":"development"}
{"timestamp":"2025-11-03T17:56:26.757Z","tokens":829,"cost":0.000189012,"context":"placement-intelligence","environment":"development"}
{"timestamp":"2025-11-03T17:56:33.871Z","tokens":797,"cost":0.00018171599999999998,"context":"placement-intelligence","environment":"development"}
{"timestamp":"2025-11-03T17:56:38.684Z","tokens":829,"cost":0.000189012,"context":"placement-intelligence","environment":"development"}
{"timestamp":"2025-11-03T17:56:44.310Z","tokens":846,"cost":0.00019288799999999997,"context":"placement-intelligence","environment":"development"}
{"timestamp":"2025-11-03T17:56:48.939Z","tokens":637,"cost":0.000145236,"context":"placement-intelligence","environment":"development"}
{"timestamp":"2025-11-03T19:15:27.094Z","tokens":27240,"cost":0.00621072,"context":"expansion-strategy","environment":"development"}
{"timestamp":"2025-11-03T19:15:34.944Z","tokens":740,"cost":0.00016872,"context":"context-analysis-demographicAnalysis","environment":"development","jobId":"51.7606-14.334"}
{"timestamp":"2025-11-03T19:15:41.702Z","tokens":957,"cost":0.00021819599999999998,"context":"rationale-diversification","environment":"development"}
{"timestamp":"2025-11-03T19:15:50.503Z","tokens":861,"cost":0.000196308,"context":"placement-intelligence","environment":"development"}
{"timestamp":"2025-11-03T19:15:57.882Z","tokens":769,"cost":0.000175332,"context":"placement-intelligence","environment":"development"}
{"timestamp":"2025-11-03T19:16:06.321Z","tokens":875,"cost":0.00019950000000000002,"context":"placement-intelligence","environment":"development"}
{"timestamp":"2025-11-03T19:16:15.184Z","tokens":830,"cost":0.00018924,"context":"placement-intelligence","environment":"development"}
{"timestamp":"2025-11-03T19:16:20.931Z","tokens":588,"cost":0.000134064,"context":"placement-intelligence","environment":"development"}
{"timestamp":"2025-11-03T19:16:28.494Z","tokens":770,"cost":0.00017556,"context":"context-analysis-demographicAnalysis","environment":"development","jobId":"52.1533-10.4017"}
{"timestamp":"2025-11-03T19:17:53.523Z","tokens":999,"cost":0.000227772,"context":"rationale-diversification","environment":"development"}
{"timestamp":"2025-11-03T19:18:01.806Z","tokens":833,"cost":0.00018992399999999995,"context":"placement-intelligence","environment":"development"}
{"timestamp":"2025-11-03T19:18:09.652Z","tokens":766,"cost":0.000174648,"context":"placement-intelligence","environment":"development"}
{"timestamp":"2025-11-03T19:18:16.634Z","tokens":824,"cost":0.000187872,"context":"placement-intelligence","environment":"development"}
{"timestamp":"2025-11-03T19:18:22.881Z","tokens":815,"cost":0.00018582,"context":"placement-intelligence","environment":"development"}
{"timestamp":"2025-11-03T19:18:26.975Z","tokens":629,"cost":0.00014341199999999996,"context":"placement-intelligence","environment":"development"}
{"timestamp":"2025-11-03T19:18:35.600Z","tokens":737,"cost":0.000168036,"context":"context-analysis-demographicAnalysis","environment":"development","jobId":"52.4125-12.5316"}
{"timestamp":"2025-11-03T19:18:39.573Z","tokens":954,"cost":0.000217512,"context":"rationale-diversification","environment":"development"}
{"timestamp":"2025-11-03T19:18:48.582Z","tokens":853,"cost":0.00019448399999999998,"context":"placement-intelligence","environment":"development"}
{"timestamp":"2025-11-03T19:18:59.438Z","tokens":754,"cost":0.000171912,"context":"placement-intelligence","environment":"development"}
{"timestamp":"2025-11-03T19:19:07.741Z","tokens":957,"cost":0.00021819599999999998,"context":"placement-intelligence","environment":"development"}
{"timestamp":"2025-11-03T19:19:15.032Z","tokens":879,"cost":0.000200412,"context":"placement-intelligence","environment":"development"}
{"timestamp":"2025-11-03T19:19:19.201Z","tokens":612,"cost":0.000139536,"context":"placement-intelligence","environment":"development"}
{"timestamp":"2025-11-03T19:19:24.719Z","tokens":736,"cost":0.00016780799999999998,"context":"context-analysis-demographicAnalysis","environment":"development","jobId":"51.2197-7.6336"}
{"timestamp":"2025-11-03T19:19:29.921Z","tokens":999,"cost":0.000227772,"context":"rationale-diversification","environment":"development"}
{"timestamp":"2025-11-03T19:19:37.058Z","tokens":846,"cost":0.00019288799999999997,"context":"placement-intelligence","environment":"development"}
{"timestamp":"2025-11-03T19:19:44.497Z","tokens":852,"cost":0.000194256,"context":"placement-intelligence","environment":"development"}
{"timestamp":"2025-11-03T19:19:51.660Z","tokens":834,"cost":0.000190152,"context":"placement-intelligence","environment":"development"}
{"timestamp":"2025-11-03T19:19:59.859Z","tokens":824,"cost":0.000187872,"context":"placement-intelligence","environment":"development"}
{"timestamp":"2025-11-03T19:20:03.340Z","tokens":606,"cost":0.00013816799999999998,"context":"placement-intelligence","environment":"development"}
{"timestamp":"2025-11-03T19:20:10.538Z","tokens":797,"cost":0.00018171599999999998,"context":"context-analysis-demographicAnalysis","environment":"development","jobId":"52.9152705257672-14.44270421628619"}
{"timestamp":"2025-11-03T19:20:19.218Z","tokens":1076,"cost":0.000245328,"context":"rationale-diversification","environment":"development"}
{"timestamp":"2025-11-03T19:20:26.892Z","tokens":841,"cost":0.00019174800000000002,"context":"placement-intelligence","environment":"development"}
{"timestamp":"2025-11-03T19:20:33.248Z","tokens":744,"cost":0.000169632,"context":"placement-intelligence","environment":"development"}
{"timestamp":"2025-11-03T19:20:39.591Z","tokens":803,"cost":0.000183084,"context":"placement-intelligence","environment":"development"}
{"timestamp":"2025-11-03T19:20:49.429Z","tokens":773,"cost":0.000176244,"context":"placement-intelligence","environment":"development"}
{"timestamp":"2025-11-03T19:20:53.615Z","tokens":572,"cost":0.000130416,"context":"placement-intelligence","environment":"development"}
{"timestamp":"2025-11-03T20:48:01.070Z","tokens":282,"cost":0.000064296,"context":"rationale-generation","environment":"development","jobId":"52.52-13.405"}
{"timestamp":"2025-11-03T20:48:04.534Z","tokens":278,"cost":0.00006338399999999999,"context":"rationale-generation","environment":"development","jobId":"48.1351-11.582"}
{"timestamp":"2025-11-03T20:48:08.719Z","tokens":280,"cost":0.00006384,"context":"rationale-generation","environment":"development","jobId":"50.1109-8.6821"}
{"timestamp":"2025-11-03T21:03:37.731Z","tokens":360,"cost":0.00008208,"context":"rationale-generation","environment":"development","jobId":"52.52-13.405"}
{"timestamp":"2025-11-03T21:38:57.211Z","tokens":354,"cost":0.000080712,"context":"rationale-generation","environment":"development","jobId":"52.48764109890908-13.407323754631815"}
{"timestamp":"2025-11-03T21:39:01.085Z","tokens":333,"cost":0.000075924,"context":"rationale-generation","environment":"development","jobId":"48.18146607908407-11.54976743186681"}
{"timestamp":"2025-11-03T21:39:06.106Z","tokens":346,"cost":0.000078888,"context":"rationale-generation","environment":"development","jobId":"50.109833067380606-8.641810133160307"}
{"timestamp":"2025-11-03T21:39:08.555Z","tokens":321,"cost":0.00007318799999999999,"context":"rationale-generation","environment":"development","jobId":"53.57924991048578-10.040860867088547"}
{"timestamp":"2025-11-03T21:39:11.528Z","tokens":348,"cost":0.000079344,"context":"rationale-generation","environment":"development","jobId":"51.183134090846-6.783414636125785"}
{"timestamp":"2025-11-03T21:39:14.119Z","tokens":314,"cost":0.000071592,"context":"rationale-generation","environment":"development","jobId":"50.94607289330455-6.949250581253305"}
{"timestamp":"2025-11-03T21:39:17.687Z","tokens":330,"cost":0.00007523999999999999,"context":"rationale-generation","environment":"development","jobId":"53.113648684827204-8.765550700461098"}
{"timestamp":"2025-11-03T21:39:21.158Z","tokens":335,"cost":0.00007638,"context":"rationale-generation","environment":"development","jobId":"52.38029311805969-9.743568536947949"}
{"timestamp":"2025-11-03T21:39:23.821Z","tokens":324,"cost":0.000073872,"context":"rationale-generation","environment":"development","jobId":"48.777004428062014-9.217715383200712"}
{"timestamp":"2025-11-03T21:39:26.332Z","tokens":332,"cost":0.00007569599999999999,"context":"rationale-generation","environment":"development","jobId":"51.04394358572018-13.718958845930722"}
{"timestamp":"2025-11-03T23:08:47.410Z","tokens":330,"cost":0.00007523999999999999,"context":"rationale-generation","environment":"development","jobId":"52.51366266576396-13.41358114232006"}
{"timestamp":"2025-11-03T23:08:49.745Z","tokens":329,"cost":0.000075012,"context":"rationale-generation","environment":"development","jobId":"48.14177839113619-11.580028904878791"}
{"timestamp":"2025-11-03T23:08:52.354Z","tokens":318,"cost":0.000072504,"context":"rationale-generation","environment":"development","jobId":"53.5559269742874-9.996297880420165"}
{"timestamp":"2025-11-03T23:08:55.886Z","tokens":332,"cost":0.00007569599999999999,"context":"rationale-generation","environment":"development","jobId":"50.947363207599295-6.969544142293591"}
{"timestamp":"2025-11-03T23:08:59.266Z","tokens":320,"cost":0.00007295999999999999,"context":"rationale-generation","environment":"development","jobId":"50.11296310574094-8.681835130806673"}
{"timestamp":"2025-11-03T23:09:01.791Z","tokens":321,"cost":0.00007318799999999999,"context":"rationale-generation","environment":"development","jobId":"48.783797551210036-9.174703504162192"}
{"timestamp":"2025-11-03T23:09:04.075Z","tokens":327,"cost":0.000074556,"context":"rationale-generation","environment":"development","jobId":"51.2267950620672-6.7684336068089275"}
{"timestamp":"2025-11-03T23:09:06.333Z","tokens":325,"cost":0.0000741,"context":"rationale-generation","environment":"development","jobId":"51.049783585222016-13.737756662710753"}
{"timestamp":"2025-11-03T23:09:08.583Z","tokens":335,"cost":0.00007638,"context":"rationale-generation","environment":"development","jobId":"52.37644689965279-9.725753311554085"}
{"timestamp":"2025-11-03T23:09:11.242Z","tokens":335,"cost":0.00007638,"context":"rationale-generation","environment":"development","jobId":"53.07593725262795-8.806007744046282"}
{"timestamp":"2025-11-04T18:43:51.567Z","tokens":325,"cost":0.0000741,"context":"rationale-generation","environment":"development","jobId":"52.520112534733116-13.408502115976518"}
{"timestamp":"2025-11-04T18:44:07.040Z","tokens":321,"cost":0.00007318799999999999,"context":"rationale-generation","environment":"development","jobId":"48.132087381998566-11.58414160526681"}
{"timestamp":"2025-11-04T18:44:25.155Z","tokens":350,"cost":0.00007979999999999999,"context":"rationale-generation","environment":"development","jobId":"53.55796834458766-10.002790030004483"}
{"timestamp":"2025-11-04T18:44:30.168Z","tokens":330,"cost":0.00007523999999999999,"context":"rationale-generation","environment":"development","jobId":"50.93651889943619-6.956828444875209"}
{"timestamp":"2025-11-04T18:44:32.730Z","tokens":323,"cost":0.00007364399999999999,"context":"rationale-generation","environment":"development","jobId":"50.11526825691895-8.675253764650991"}
{"timestamp":"2025-11-04T18:44:35.186Z","tokens":321,"cost":0.00007318799999999999,"context":"rationale-generation","environment":"development","jobId":"51.230493723888756-6.7815593870090725"}
{"timestamp":"2025-11-04T18:44:39.695Z","tokens":325,"cost":0.0000741,"context":"rationale-generation","environment":"development","jobId":"52.3839321895584-9.736667646987925"}
{"timestamp":"2025-11-04T18:44:45.017Z","tokens":305,"cost":0.00006954,"context":"rationale-generation","environment":"development","jobId":"48.78139471322198-9.187274528698126"}
{"timestamp":"2025-11-04T18:44:49.114Z","tokens":330,"cost":0.00007523999999999999,"context":"rationale-generation","environment":"development","jobId":"51.05417508681355-13.732768433665518"}
{"timestamp":"2025-11-04T18:44:52.594Z","tokens":309,"cost":0.000070452,"context":"rationale-generation","environment":"development","jobId":"53.0723678458468-8.81560359379754"}
{"timestamp":"2025-11-04T22:19:01.984Z","tokens":316,"cost":0.000072048,"context":"rationale-generation","environment":"development","jobId":"52.515460086386724-13.41441429924317"}
{"timestamp":"2025-11-04T22:19:04.841Z","tokens":318,"cost":0.000072504,"context":"rationale-generation","environment":"development","jobId":"48.13770979462617-11.576219956348702"}
{"timestamp":"2025-11-04T22:19:07.314Z","tokens":335,"cost":0.00007638,"context":"rationale-generation","environment":"development","jobId":"53.556084337551624-9.994720779707254"}
{"timestamp":"2025-11-04T22:19:09.846Z","tokens":340,"cost":0.00007752,"context":"rationale-generation","environment":"development","jobId":"50.930285993164674-6.957773754664091"}
{"timestamp":"2025-11-04T22:19:12.220Z","tokens":329,"cost":0.000075012,"context":"rationale-generation","environment":"development","jobId":"50.105326367807706-8.685723172729976"}
{"timestamp":"2025-11-04T22:19:15.649Z","tokens":317,"cost":0.000072276,"context":"rationale-generation","environment":"development","jobId":"48.77358704166204-9.18515311470632"}
{"timestamp":"2025-11-04T22:19:20.702Z","tokens":337,"cost":0.00007683600000000001,"context":"rationale-generation","environment":"development","jobId":"51.22248288219055-6.7830496948652215"}
{"timestamp":"2025-11-04T22:19:23.364Z","tokens":332,"cost":0.00007569599999999999,"context":"rationale-generation","environment":"development","jobId":"52.37514505518907-9.722269906001678"}
{"timestamp":"2025-11-04T22:19:27.609Z","tokens":338,"cost":0.00007706399999999999,"context":"rationale-generation","environment":"development","jobId":"53.086731188903954-8.808076211500598"}
{"timestamp":"2025-11-04T22:19:29.712Z","tokens":325,"cost":0.0000741,"context":"rationale-generation","environment":"development","jobId":"51.06406798134746-13.730533580539163"}
{"timestamp":"2025-11-04T22:38:05.921Z","tokens":339,"cost":0.000077292,"context":"rationale-generation","environment":"development","jobId":"52.516662852200966-13.40754848660218"}
{"timestamp":"2025-11-04T22:38:07.581Z","tokens":312,"cost":0.000071136,"context":"rationale-generation","environment":"development","jobId":"48.14196329746499-11.576903813382458"}
{"timestamp":"2025-11-04T22:38:13.509Z","tokens":342,"cost":0.000077976,"context":"rationale-generation","environment":"development","jobId":"53.55430773654721-10.001172700704764"}
{"timestamp":"2025-11-04T22:38:15.234Z","tokens":322,"cost":0.000073416,"context":"rationale-generation","environment":"development","jobId":"50.93869753524787-6.96469159832612"}
{"timestamp":"2025-11-04T22:38:16.972Z","tokens":336,"cost":0.000076608,"context":"rationale-generation","environment":"development","jobId":"50.10865220456833-8.681783159595211"}
{"timestamp":"2025-11-04T22:38:18.919Z","tokens":326,"cost":0.000074328,"context":"rationale-generation","environment":"development","jobId":"48.7781550639679-9.18942971450621"}
{"timestamp":"2025-11-04T22:38:21.583Z","tokens":327,"cost":0.000074556,"context":"rationale-generation","environment":"development","jobId":"51.23540555994394-6.773084500191876"}
{"timestamp":"2025-11-04T22:38:23.684Z","tokens":335,"cost":0.00007638,"context":"rationale-generation","environment":"development","jobId":"52.378076438460916-9.72327714876177"}
{"timestamp":"2025-11-04T22:38:25.988Z","tokens":321,"cost":0.00007318799999999999,"context":"rationale-generation","environment":"development","jobId":"51.05628763510488-13.742844846707772"}
{"timestamp":"2025-11-04T22:38:27.761Z","tokens":324,"cost":0.000073872,"context":"rationale-generation","environment":"development","jobId":"53.08162154473967-8.789391941132942"}
{"timestamp":"2025-11-04T22:39:36.841Z","tokens":312,"cost":0.000071136,"context":"rationale-generation","environment":"development","jobId":"52.51593637736941-13.397137099888617"}
{"timestamp":"2025-11-04T22:39:39.279Z","tokens":339,"cost":0.000077292,"context":"rationale-generation","environment":"development","jobId":"48.14252414757355-11.581931386224909"}
{"timestamp":"2025-11-04T22:39:44.411Z","tokens":320,"cost":0.00007295999999999999,"context":"rationale-generation","environment":"development","jobId":"53.541778156700914-9.986164513572357"}
{"timestamp":"2025-11-04T22:39:47.276Z","tokens":335,"cost":0.00007638,"context":"rationale-generation","environment":"development","jobId":"50.93076531446294-6.951068704869621"}
{"timestamp":"2025-11-04T22:39:49.943Z","tokens":337,"cost":0.00007683600000000001,"context":"rationale-generation","environment":"development","jobId":"50.11068411502098-8.686426968121706"}
{"timestamp":"2025-11-04T22:39:51.784Z","tokens":337,"cost":0.00007683600000000001,"context":"rationale-generation","environment":"development","jobId":"48.771603686948346-9.1774810513314"}
{"timestamp":"2025-11-04T22:39:54.151Z","tokens":329,"cost":0.000075012,"context":"rationale-generation","environment":"development","jobId":"51.23359303665142-6.771214533510774"}
{"timestamp":"2025-11-04T22:39:55.783Z","tokens":334,"cost":0.000076152,"context":"rationale-generation","environment":"development","jobId":"52.37663998390981-9.736252754444966"}
{"timestamp":"2025-11-04T22:39:57.827Z","tokens":326,"cost":0.000074328,"context":"rationale-generation","environment":"development","jobId":"51.059251360387385-13.737362799072633"}
{"timestamp":"2025-11-04T22:40:01.205Z","tokens":336,"cost":0.000076608,"context":"rationale-generation","environment":"development","jobId":"49.4832947696101-8.456776859043982"}
{"timestamp":"2025-11-04T23:20:41.827Z","tokens":330,"cost":0.00007523999999999999,"context":"rationale-generation","environment":"development","jobId":"52.51697991079325-13.40870635920913"}
{"timestamp":"2025-11-04T23:20:45.096Z","tokens":335,"cost":0.00007638,"context":"rationale-generation","environment":"development","jobId":"48.12563030702756-11.579246382387284"}
{"timestamp":"2025-11-04T23:20:47.444Z","tokens":322,"cost":0.000073416,"context":"rationale-generation","environment":"development","jobId":"53.555870440320945-10.001433967444813"}
{"timestamp":"2025-11-04T23:20:49.914Z","tokens":325,"cost":0.0000741,"context":"rationale-generation","environment":"development","jobId":"50.93827336838627-6.9647898997030975"}
{"timestamp":"2025-11-04T23:20:51.652Z","tokens":335,"cost":0.00007638,"context":"rationale-generation","environment":"development","jobId":"48.781201180780116-9.187930232965858"}
{"timestamp":"2025-11-04T23:20:53.599Z","tokens":333,"cost":0.000075924,"context":"rationale-generation","environment":"development","jobId":"50.120459279475405-8.676307908871095"}
{"timestamp":"2025-11-04T23:20:59.846Z","tokens":342,"cost":0.000077976,"context":"rationale-generation","environment":"development","jobId":"51.22098918569315-6.766509227798014"}
{"timestamp":"2025-11-04T23:21:02.610Z","tokens":334,"cost":0.000076152,"context":"rationale-generation","environment":"development","jobId":"51.06051831993101-13.745434792542689"}
{"timestamp":"2025-11-04T23:21:04.453Z","tokens":335,"cost":0.00007638,"context":"rationale-generation","environment":"development","jobId":"52.37311702703221-9.725494099410394"}
{"timestamp":"2025-11-04T23:21:07.832Z","tokens":338,"cost":0.00007706399999999999,"context":"rationale-generation","environment":"development","jobId":"53.09255193058748-8.815123449100197"}
{"timestamp":"2025-11-04T23:40:27.624Z","tokens":321,"cost":0.00007318799999999999,"context":"rationale-generation","environment":"development","jobId":"52.51293177769783-13.40557687718129"}
{"timestamp":"2025-11-04T23:40:29.381Z","tokens":331,"cost":0.000075468,"context":"rationale-generation","environment":"development","jobId":"48.14349311125586-11.58192704863257"}
{"timestamp":"2025-11-04T23:40:31.915Z","tokens":319,"cost":0.00007273200000000001,"context":"rationale-generation","environment":"development","jobId":"53.54475602298781-9.9897163452961"}
{"timestamp":"2025-11-04T23:40:33.776Z","tokens":328,"cost":0.000074784,"context":"rationale-generation","environment":"development","jobId":"50.945064521632716-6.964996568591203"}
{"timestamp":"2025-11-04T23:40:35.501Z","tokens":337,"cost":0.00007683600000000001,"context":"rationale-generation","environment":"development","jobId":"50.10453568761728-8.691072930084944"}
{"timestamp":"2025-11-04T23:40:37.853Z","tokens":337,"cost":0.00007683600000000001,"context":"rationale-generation","environment":"development","jobId":"48.766644402694276-9.181111027860304"}
{"timestamp":"2025-11-04T23:40:41.131Z","tokens":325,"cost":0.0000741,"context":"rationale-generation","environment":"development","jobId":"51.21869467027505-6.770315042026895"}
{"timestamp":"2025-11-04T23:40:44.203Z","tokens":338,"cost":0.00007706399999999999,"context":"rationale-generation","environment":"development","jobId":"52.385507108698334-9.728406474676367"}
{"timestamp":"2025-11-04T23:40:45.843Z","tokens":333,"cost":0.000075924,"context":"rationale-generation","environment":"development","jobId":"51.05054948157602-13.751991862576256"}
{"timestamp":"2025-11-04T23:40:47.482Z","tokens":333,"cost":0.000075924,"context":"rationale-generation","environment":"development","jobId":"53.06977788768513-8.812179674242282"}
{"timestamp":"2025-11-04T23:58:10.946Z","tokens":318,"cost":0.000072504,"context":"rationale-generation","environment":"development","jobId":"52.51550730853123-13.409779144714856"}
{"timestamp":"2025-11-04T23:58:13.239Z","tokens":319,"cost":0.00007273200000000001,"context":"rationale-generation","environment":"development","jobId":"48.13710155205453-11.57650150552963"}
{"timestamp":"2025-11-04T23:58:16.005Z","tokens":318,"cost":0.000072504,"context":"rationale-generation","environment":"development","jobId":"53.55303846488341-9.999693621171172"}
{"timestamp":"2025-11-04T23:58:18.667Z","tokens":330,"cost":0.00007523999999999999,"context":"rationale-generation","environment":"development","jobId":"50.94581659211487-6.958939984545887"}
{"timestamp":"2025-11-04T23:58:26.652Z","tokens":330,"cost":0.00007523999999999999,"context":"rationale-generation","environment":"development","jobId":"50.11704366638244-8.687104267360597"}
{"timestamp":"2025-11-04T23:58:28.909Z","tokens":335,"cost":0.00007638,"context":"rationale-generation","environment":"development","jobId":"51.23266283465553-6.766545304208519"}
{"timestamp":"2025-11-04T23:58:31.667Z","tokens":327,"cost":0.000074556,"context":"rationale-generation","environment":"development","jobId":"48.773689889950276-9.187192077462846"}
{"timestamp":"2025-11-04T23:58:33.719Z","tokens":331,"cost":0.000075468,"context":"rationale-generation","environment":"development","jobId":"52.371458361191394-9.741257544968866"}
{"timestamp":"2025-11-04T23:58:37.098Z","tokens":329,"cost":0.000075012,"context":"rationale-generation","environment":"development","jobId":"51.03794340499859-13.732661899192145"}
{"timestamp":"2025-11-04T23:58:39.145Z","tokens":335,"cost":0.00007638,"context":"rationale-generation","environment":"development","jobId":"53.06653401992566-8.798919439961288"}
{"timestamp":"2025-11-05T12:10:28.658Z","tokens":417,"cost":0.000095076,"context":"rationale-generation","environment":"development","jobId":"52.51703201270229-13.401780480723858"}
{"timestamp":"2025-11-05T12:10:32.698Z","tokens":417,"cost":0.000095076,"context":"rationale-generation","environment":"development","jobId":"48.14248584627562-11.585910590577036"}
{"timestamp":"2025-11-05T12:10:36.619Z","tokens":417,"cost":0.000095076,"context":"rationale-generation","environment":"development","jobId":"53.5581286527633-9.993233999970386"}
{"timestamp":"2025-11-05T12:10:40.348Z","tokens":417,"cost":0.000095076,"context":"rationale-generation","environment":"development","jobId":"50.94593717115519-6.950958610769675"}
{"timestamp":"2025-11-05T12:10:45.925Z","tokens":417,"cost":0.000095076,"context":"rationale-generation","environment":"development","jobId":"50.10970334506347-8.673473278083579"}
{"timestamp":"2025-11-05T12:10:50.753Z","tokens":417,"cost":0.000095076,"context":"rationale-generation","environment":"development","jobId":"48.76694171393507-9.17389873443176"}
{"timestamp":"2025-11-05T12:10:55.770Z","tokens":417,"cost":0.000095076,"context":"rationale-generation","environment":"development","jobId":"52.387482883820326-9.732728032258757"}
{"timestamp":"2025-11-05T12:11:00.067Z","tokens":417,"cost":0.000095076,"context":"rationale-generation","environment":"development","jobId":"51.226102970141945-6.763907324221713"}
{"timestamp":"2025-11-05T12:11:04.063Z","tokens":417,"cost":0.000095076,"context":"rationale-generation","environment":"development","jobId":"51.04605775090332-13.722624177631278"}
{"timestamp":"2025-11-05T12:11:08.571Z","tokens":417,"cost":0.000095076,"context":"rationale-generation","environment":"development","jobId":"53.077757244004204-8.796347846715191"}
{"timestamp":"2025-11-05T13:05:18.454Z","tokens":717,"cost":0.00016347600000000002,"context":"rationale-generation","environment":"development","jobId":"52.51209457008455-13.413406026941086"}
{"timestamp":"2025-11-05T13:05:26.029Z","tokens":717,"cost":0.00016347600000000002,"context":"rationale-generation","environment":"development","jobId":"48.12732417892708-11.575928140625997"}
{"timestamp":"2025-11-05T13:05:34.835Z","tokens":717,"cost":0.00016347600000000002,"context":"rationale-generation","environment":"development","jobId":"53.55424836740495-10.000944107564873"}
{"timestamp":"2025-11-05T13:05:44.358Z","tokens":717,"cost":0.00016347600000000002,"context":"rationale-generation","environment":"development","jobId":"50.945079797895325-6.968782905867636"}
{"timestamp":"2025-11-05T13:05:53.815Z","tokens":717,"cost":0.00016347600000000002,"context":"rationale-generation","environment":"development","jobId":"50.11550725995858-8.672583939736631"}
{"timestamp":"2025-11-05T13:06:02.502Z","tokens":717,"cost":0.00016347600000000002,"context":"rationale-generation","environment":"development","jobId":"51.22114137222946-6.782541502895366"}
{"timestamp":"2025-11-05T13:06:10.156Z","tokens":717,"cost":0.00016347600000000002,"context":"rationale-generation","environment":"development","jobId":"48.77478543933615-9.192884437411392"}
{"timestamp":"2025-11-05T13:06:18.662Z","tokens":717,"cost":0.00016347600000000002,"context":"rationale-generation","environment":"development","jobId":"52.37182928649301-9.725758216117168"}
{"timestamp":"2025-11-05T13:06:26.236Z","tokens":717,"cost":0.00016347600000000002,"context":"rationale-generation","environment":"development","jobId":"51.046915626201795-13.736978776187495"}
{"timestamp":"2025-11-05T13:06:34.325Z","tokens":717,"cost":0.00016347600000000002,"context":"rationale-generation","environment":"development","jobId":"53.07000853642174-8.813260095186854"}
{"timestamp":"2025-11-05T19:25:13.684Z","tokens":459,"cost":0.00028458,"context":"rationale-generation","environment":"development","jobId":"52.51363443029116-13.400368542194292"}
{"timestamp":"2025-11-05T19:25:20.238Z","tokens":547,"cost":0.00033914000000000004,"context":"rationale-generation","environment":"development","jobId":"48.13860872629024-11.588144392366981"}
{"timestamp":"2025-11-05T19:25:27.814Z","tokens":570,"cost":0.0003534,"context":"rationale-generation","environment":"development","jobId":"53.5604864020685-9.98787925033791"}
{"timestamp":"2025-11-05T19:25:34.163Z","tokens":522,"cost":0.00032364,"context":"rationale-generation","environment":"development","jobId":"50.94023062921106-6.9668290904053025"}
{"timestamp":"2025-11-05T19:25:41.743Z","tokens":505,"cost":0.0003131,"context":"rationale-generation","environment":"development","jobId":"50.11577914251646-8.676744001372194"}
{"timestamp":"2025-11-05T19:25:46.451Z","tokens":500,"cost":0.00031,"context":"rationale-generation","environment":"development","jobId":"48.776866663470535-9.184360737584013"}
{"timestamp":"2025-11-05T19:25:52.292Z","tokens":448,"cost":0.00027776000000000005,"context":"rationale-generation","environment":"development","jobId":"51.2337214171082-6.768152125349945"}
{"timestamp":"2025-11-05T19:25:59.555Z","tokens":572,"cost":0.00035464000000000003,"context":"rationale-generation","environment":"development","jobId":"52.36330297118465-9.72795277223033"}
{"timestamp":"2025-11-05T19:26:05.770Z","tokens":516,"cost":0.00031992,"context":"rationale-generation","environment":"development","jobId":"51.056449399373264-13.725466554887376"}
{"timestamp":"2025-11-05T19:26:11.337Z","tokens":501,"cost":0.00031062,"context":"rationale-generation","environment":"development","jobId":"53.073283523456865-8.804951959289468"}
